\BOOKMARK [0][-]{section*.2}{\376\377\000P\000r\000o\000s\000p\000e\000c\000t\000s\000\040\000f\000o\000r\000\040\000r\000e\000l\000i\000c\000\040\000n\000e\000u\000t\000r\000i\000n\000o\000\040\000d\000e\000t\000e\000c\000t\000i\000o\000n\000\040\000u\000s\000i\000n\000g\000\040\000n\000u\000c\000l\000e\000a\000r\000\040\000s\000p\000i\000n\000\040\000e\000x\000p\000e\000r\000i\000m\000e\000n\000t\000s}{}% 2
\BOOKMARK [1][-]{section*.1}{\376\377\000A\000b\000s\000t\000r\000a\000c\000t}{section*.2}% 1
\BOOKMARK [1][-]{section*.3}{\376\377\000I\000n\000t\000r\000o\000d\000u\000c\000t\000i\000o\000n}{section*.2}% 3
\BOOKMARK [1][-]{section*.4}{\376\377\000N\000e\000u\000t\000r\000i\000n\000o\000-\000s\000p\000i\000n\000\040\000i\000n\000t\000e\000r\000a\000c\000t\000i\000o\000n}{section*.2}% 4
\BOOKMARK [2][-]{section*.5}{\376\377\000C\000o\000h\000e\000r\000e\000n\000t\000\040\000r\000e\000g\000i\000m\000e}{section*.4}% 5
\BOOKMARK [1][-]{section*.6}{\376\377\000A\000n\000\040\000o\000p\000e\000n\000\040\000q\000u\000a\000n\000t\000u\000m\000\040\000s\000y\000s\000t\000e\000m}{section*.2}% 6
\BOOKMARK [2][-]{section*.7}{\376\377\000T\000h\000e\000\040\000m\000a\000s\000t\000e\000r\000\040\000e\000q\000u\000a\000t\000i\000o\000n}{section*.6}% 7
\BOOKMARK [3][-]{section*.8}{\376\377\000F\000u\000l\000l\000y\000-\000c\000o\000h\000e\000r\000e\000n\000t\000\040\000r\000e\000g\000i\000m\000e}{section*.7}% 8
\BOOKMARK [3][-]{section*.9}{\376\377\000I\000n\000c\000o\000h\000e\000r\000e\000n\000t\000\040\000r\000e\000g\000i\000m\000e}{section*.7}% 9
\BOOKMARK [2][-]{section*.10}{\376\377\000D\000i\000c\000k\000e\000\040\000b\000a\000s\000i\000s\000\040\000a\000n\000d\000\040\000i\000n\000i\000t\000i\000a\000l\000\040\000s\000t\000a\000t\000e\000s}{section*.6}% 10
\BOOKMARK [1][-]{section*.11}{\376\377\000C\000o\000h\000e\000r\000e\000n\000t\000\040\000o\000b\000s\000e\000r\000v\000a\000b\000l\000e\000s}{section*.2}% 11
\BOOKMARK [2][-]{section*.12}{\376\377\000P\000e\000r\000t\000u\000r\000b\000a\000t\000i\000v\000e\000\040\000s\000o\000l\000u\000t\000i\000o\000n}{section*.11}% 12
\BOOKMARK [2][-]{section*.13}{\376\377\000S\000t\000e\000a\000d\000y\000-\000s\000t\000a\000t\000e\000\040\000s\000o\000l\000u\000t\000i\000o\000n}{section*.11}% 13
\BOOKMARK [1][-]{section*.14}{\376\377\000L\000o\000c\000a\000l\000\040\000n\000o\000i\000s\000e\000\040\000e\000f\000f\000e\000c\000t\000s}{section*.2}% 14
\BOOKMARK [1][-]{section*.15}{\376\377\000N\000u\000m\000e\000r\000i\000c\000a\000l\000\040\000s\000o\000l\000u\000t\000i\000o\000n\000s}{section*.2}% 15
\BOOKMARK [2][-]{section*.16}{\376\377\000S\000e\000c\000o\000n\000d\000-\000o\000r\000d\000e\000r\000\040\000a\000p\000p\000r\000o\000x\000i\000m\000a\000t\000i\000o\000n}{section*.15}% 16
\BOOKMARK [3][-]{section*.17}{\376\377\000I\000n\000i\000t\000i\000a\000l\000\040\000c\000o\000n\000d\000i\000t\000i\000o\000n\000s\000\040\000i\000n\000c\000l\000u\000d\000i\000n\000g\000\040\000p\000a\000r\000t\000i\000a\000l\000\040\000p\000o\000l\000a\000r\000i\000s\000a\000t\000i\000o\000n}{section*.16}% 17
\BOOKMARK [3][-]{section*.18}{\376\377\000T\000h\000e\000\040\000i\000d\000e\000a\000l\000\040\000c\000a\000s\000e\000:\000\040\000n\000o\000\040\000l\000o\000c\000a\000l\000\040\000n\000o\000i\000s\000e\000\040\000a\000n\000d\000\040\000p\000e\000r\000f\000e\000c\000t\000\040\000p\000o\000l\000a\000r\000i\000s\000a\000t\000i\000o\000n}{section*.16}% 18
\BOOKMARK [3][-]{section*.19}{\376\377\000W\000i\000t\000h\000\040\000l\000o\000c\000a\000l\000\040\000n\000o\000i\000s\000e\000\040\000a\000n\000d\000\040\000p\000a\000r\000t\000i\000a\000l\000\040\000p\000o\000l\000a\000r\000i\000s\000a\000t\000i\000o\000n}{section*.16}% 19
\BOOKMARK [2][-]{section*.20}{\376\377\000T\000w\000o\000-\000t\000i\000m\000e\000\040\000c\000o\000r\000r\000e\000l\000a\000t\000i\000o\000n\000\040\000f\000u\000n\000c\000t\000i\000o\000n\000s}{section*.15}% 20
\BOOKMARK [1][-]{section*.21}{\376\377\000F\000u\000t\000u\000r\000e\000\040\000c\000o\000n\000s\000t\000r\000a\000i\000n\000t\000s\000\040\000o\000n\000\040\000t\000h\000e\000\040\000C\000n\000u\000B}{section*.2}% 21
\BOOKMARK [2][-]{section*.22}{\376\377\000c\000h\000i\000\040\000a\000n\000a\000l\000y\000s\000i\000s}{section*.21}% 22
\BOOKMARK [2][-]{section*.23}{\376\377\000F\000o\000r\000e\000c\000a\000s\000t\000e\000d\000\040\000c\000o\000n\000s\000t\000r\000a\000i\000n\000t\000s}{section*.21}% 23
\BOOKMARK [1][-]{section*.24}{\376\377\000C\000o\000n\000c\000l\000u\000s\000i\000o\000n\000s}{section*.2}% 24
\BOOKMARK [1][-]{section*.25}{\376\377\000A\000c\000k\000n\000o\000w\000l\000e\000d\000g\000m\000e\000n\000t\000s}{section*.2}% 25
\BOOKMARK [1][-]{section*.26}{\376\377\000D\000a\000t\000a\000\040\000A\000v\000a\000i\000l\000a\000b\000i\000l\000i\000t\000y\000\040\000S\000t\000a\000t\000e\000m\000e\000n\000t}{section*.2}% 26
\BOOKMARK [1][-]{section*.27}{\376\377\000R\000e\000f\000e\000r\000e\000n\000c\000e\000s}{section*.2}% 27
\BOOKMARK [1][-]{section*.28}{\376\377\000L\000o\000w\000\040\000e\000n\000e\000r\000g\000y\000\040\000n\000o\000n\000-\000r\000e\000l\000a\000t\000i\000v\000i\000s\000t\000i\000c\000\040\000s\000p\000i\000n\000\040\000H\000a\000m\000i\000l\000t\000o\000n\000i\000a\000n}{section*.2}% 28
\BOOKMARK [1][-]{section*.29}{\376\377\000E\000x\000c\000i\000t\000a\000t\000i\000o\000n\000\040\000a\000n\000d\000\040\000d\000e\000-\000e\000x\000c\000i\000t\000a\000t\000i\000o\000n\000\040\000r\000a\000t\000e\000s}{section*.2}% 29
\BOOKMARK [2][-]{section*.30}{\376\377\000S\000i\000n\000g\000l\000e\000\040\000s\000p\000i\000n}{section*.29}% 30
\BOOKMARK [2][-]{section*.31}{\376\377\000N\000\040\000s\000p\000i\000n\000s}{section*.29}% 31
\BOOKMARK [1][-]{section*.32}{\376\377\000D\000e\000r\000i\000v\000a\000t\000i\000o\000n\000\040\000o\000f\000\040\000t\000h\000e\000\040\000L\000i\000n\000d\000b\000l\000a\000d\000\040\000e\000q\000u\000a\000t\000i\000o\000n}{section*.2}% 32
\BOOKMARK [1][-]{section*.33}{\376\377\000C\000o\000m\000p\000u\000t\000a\000t\000i\000o\000n\000\040\000o\000f\000\040\000g\000a\000m\000m\000a\000+\000-\000,\000g\000a\000m\000m\000a\000z}{section*.2}% 33
\BOOKMARK [1][-]{section*.34}{\376\377\000L\000i\000n\000d\000b\000l\000a\000d\000\040\000e\000q\000u\000a\000t\000i\000o\000n\000\040\000f\000o\000r\000\040\000N\000\040\000s\000p\000i\000n\000s}{section*.2}% 34
\BOOKMARK [1][-]{section*.35}{\376\377\000F\000u\000l\000l\000\040\000n\000u\000m\000e\000r\000i\000c\000a\000l\000\040\000s\000o\000l\000u\000t\000i\000o\000n\000s}{section*.2}% 35
\BOOKMARK [1][-]{section*.36}{\376\377\000H\000y\000p\000e\000r\000p\000o\000l\000a\000r\000i\000s\000a\000t\000i\000o\000n}{section*.2}% 36
\BOOKMARK [1][-]{section*.37}{\376\377\000T\000w\000o\000-\000t\000i\000m\000e\000\040\000c\000o\000r\000r\000e\000l\000a\000t\000i\000o\000n\000\040\000f\000u\000n\000c\000t\000i\000o\000n\000s}{section*.2}% 37
